[colorlib.com/preview/theme/podca/index.html]
[backblue.gif]
[fade.gif]
[index.html]
[colorlib.com/preview/theme/podca/fonts/icomoon/style.css]
[colorlib.com/preview/theme/podca/css/bootstrap.min.css]
[colorlib.com/preview/theme/podca/css/magnific-popup.css]
[colorlib.com/preview/theme/podca/css/jquery-ui.css]
[colorlib.com/preview/theme/podca/css/owl.carousel.min.css]
[colorlib.com/preview/theme/podca/css/owl.theme.default.min.css]
[cdn.jsdelivr.net/npm/mediaelement@4.2.7/build/mediaelementplayer.min.css]
[colorlib.com/preview/theme/podca/css/aos.css]
[colorlib.com/preview/theme/podca/css/style.css]
[colorlib.com/preview/theme/podca/index-2.html]
[colorlib.com/preview/theme/podca/about.html]
[colorlib.com/preview/theme/podca/contact.html]
[colorlib.com/preview/theme/podca/images/hero_bg_1.jpg]
[colorlib.com/preview/theme/podca/single-post.html]
[colorlib.com/preview/theme/podca/images/img_1.jpg]
[colorlib.com/preview/theme/podca/images/img_2.jpg]
[colorlib.com/preview/theme/podca/images/img_3.jpg]
[colorlib.com/preview/theme/podca/images/img_4.jpg]
[colorlib.com/preview/theme/podca/images/img_5.jpg]
[colorlib.com/preview/theme/podca/images/person_1.jpg]
[colorlib.com/preview/theme/podca/images/person_2.jpg]
[colorlib.com/preview/theme/podca/images/person_3.jpg]
[colorlib.com/preview/theme/podca/images/person_4.jpg]
[colorlib.com/preview/theme/podca/images/person_5.jpg]
[colorlib.com/preview/theme/podca/images/person_6.jpg]
[colorlib.com/cdn-cgi/scripts/5c5dd728/cloudflare-static/email-decode.min.js]
[colorlib.com/preview/theme/podca/js/jquery-3.3.1.min.js]
[colorlib.com/preview/theme/podca/js/jquery-migrate-3.0.1.min.js]
[colorlib.com/preview/theme/podca/js/jquery-ui.js]
[colorlib.com/preview/theme/podca/js/popper.min.js]
[colorlib.com/preview/theme/podca/js/bootstrap.min.js]
[colorlib.com/preview/theme/podca/js/owl.carousel.min.js]
[colorlib.com/preview/theme/podca/js/jquery.stellar.min.js]
[colorlib.com/preview/theme/podca/js/jquery.countdown.min.js]
[colorlib.com/preview/theme/podca/js/jquery.magnific-popup.min.js]
[colorlib.com/preview/theme/podca/js/aos.js]
[colorlib.com/preview/theme/podca/js/mediaelement-and-player.min.js]
[colorlib.com/preview/theme/podca/js/main.js]
[colorlib.com/preview/theme/podca/index.html]
[ajax.cloudflare.com/cdn-cgi/scripts/a2bd7673/cloudflare-static/rocket-loader.min.js]
[colorlib.com/preview/theme/podca/fonts/icomoon/fonts/icomoon1a44.eot]
[colorlib.com/preview/theme/podca/fonts/icomoon/fonts/icomoon1a44.ttf]
[colorlib.com/preview/theme/podca/fonts/icomoon/style.css]
[colorlib.com/preview/theme/podca/css/bootstrap.min.css]
[colorlib.com/preview/theme/podca/css/magnific-popup.css]
[colorlib.com/preview/theme/podca/fonts/icomoon/fonts/icomoon1a44.svg]
[colorlib.com/preview/theme/podca/css/images/ui-bg_gloss-wave_55_5c9ccc_500x100.png]
[colorlib.com/preview/theme/podca/fonts/icomoon/fonts/icomoon1a44.woff]
[colorlib.com/preview/theme/podca/css/images/ui-bg_glass_85_dfeffc_1x400.png]
[colorlib.com/preview/theme/podca/css/images/ui-bg_glass_75_d0e5f5_1x400.png]
[colorlib.com/preview/theme/podca/css/images/ui-bg_inset-hard_100_f5f8f9_1x100.png]
[colorlib.com/preview/theme/podca/css/images/ui-bg_glass_95_fef1ec_1x400.png]
[colorlib.com/preview/theme/podca/css/images/ui-icons_469bdd_256x240.png]
[colorlib.com/preview/theme/podca/css/images/ui-icons_d8e7f3_256x240.png]
[colorlib.com/preview/theme/podca/css/images/ui-icons_6da8d5_256x240.png]
[colorlib.com/preview/theme/podca/css/images/ui-icons_217bc0_256x240.png]
[colorlib.com/preview/theme/podca/css/images/ui-icons_f9bd01_256x240.png]
[colorlib.com/preview/theme/podca/css/images/ui-icons_2e83ff_256x240.png]
[colorlib.com/preview/theme/podca/css/images/ui-icons_cd0a0a_256x240.png]
[colorlib.com/preview/theme/podca/css/jquery-ui.css]
[colorlib.com/preview/theme/podca/css/owl.video.play.png]
[colorlib.com/preview/theme/podca/css/owl.carousel.min.css]
[colorlib.com/preview/theme/podca/css/owl.theme.default.min.css]
[cdn.jsdelivr.net/npm/mediaelement@4.2.7/build/mejs-controls.svg]
[cdn.jsdelivr.net/npm/mediaelement@4.2.7/build/mediaelementplayer.min.css]
[colorlib.com/preview/theme/podca/css/aos.css]
[colorlib.com/preview/theme/podca/css/style.css]
[colorlib.com/preview/theme/podca/index-2.html]
[colorlib.com/preview/theme/podca/images/hero_bg_2.jpg]
[colorlib.com/preview/theme/podca/about.html]
[colorlib.com/preview/theme/podca/images/hero_bg_3.jpg]
[colorlib.com/preview/theme/podca/contact.html]
[colorlib.com/preview/theme/podca/single-post.html]
[colorlib.com/preview/theme/podca/fonts/icomoon/fonts/icomoon1a44.svg]
[colorlib.com/preview/theme/podca/css/images/ui-bg_gloss-wave_55_5c9ccc_500x100.html]
[colorlib.com/preview/theme/podca/css/images/ui-bg_glass_85_dfeffc_1x400.html]
[colorlib.com/preview/theme/podca/css/images/ui-bg_glass_75_d0e5f5_1x400.html]
[colorlib.com/preview/theme/podca/css/images/ui-bg_inset-hard_100_f5f8f9_1x100.html]
[colorlib.com/preview/theme/podca/css/images/ui-bg_glass_95_fef1ec_1x400.html]
[colorlib.com/preview/theme/podca/css/images/ui-icons_469bdd_256x240.html]
[colorlib.com/preview/theme/podca/css/images/ui-icons_d8e7f3_256x240.html]
[colorlib.com/preview/theme/podca/css/images/ui-icons_6da8d5_256x240.html]
[colorlib.com/preview/theme/podca/css/images/ui-icons_217bc0_256x240.html]
[colorlib.com/preview/theme/podca/css/images/ui-icons_f9bd01_256x240.html]
[colorlib.com/preview/theme/podca/css/images/ui-icons_2e83ff_256x240.html]
[colorlib.com/preview/theme/podca/css/images/ui-icons_cd0a0a_256x240.html]
[colorlib.com/preview/theme/podca/css/owl.video.play.html]
[cdn.jsdelivr.net/npm/mediaelement@4.2.7/build/mejs-controls.svg]
